[www.moon-erc.com/index.html]
[backblue.gif]
[fade.gif]
[index.html]
[w.ladicdn.com_443/5b52e9ea61c3fe3313704bb1/z4599848212026_1c09c726df901a0fb372737ce21d1f78-20230813082611-p0tv7.jpg]
[w.ladicdn.com/v2/source/ladipagev3.min53c8.js]
[w.ladicdn.com/s450x450/5b52e9ea61c3fe3313704bb1/z4599848212026_1c09c726df901a0fb372737ce21d1f78-20230813082611-p0tv7.jpg]
[w.ladicdn.com/s1440x775/5b52e9ea61c3fe3313704bb1/wallpapersdencom_touching-the-moon_1920x1080dhn-20230813070002-rrcve.jpg]
[w.ladicdn.com/s800x800/5b52e9ea61c3fe3313704bb1/img_20230908_204821-20230908135025-kbmml.jpg]
[w.ladicdn.com/s450x500/5b52e9ea61c3fe3313704bb1/z4599848207721_22f8b41b8c85709b5e77845e9cb53ea7-20230813082611-vlmu6.jpg]
[w.ladicdn.com/s1440x581/5b52e9ea61c3fe3313704bb1/blue-moon-5n9b0a9j6zto72gb-20230813065949-opuuk.jpg]
[w.ladicdn.com/s450x500/5b52e9ea61c3fe3313704bb1/z4599848225317_64040cc0b0e1688fcad900ee9eb5374a-20230813082611-ue8hy.jpg]
[w.ladicdn.com/s1440x652/5b52e9ea61c3fe3313704bb1/wallpapersdencom_touching-the-moon_1920x1080svv-20230813065741-6ccu8.jpg]
[w.ladicdn.com/s800x1050/5b52e9ea61c3fe3313704bb1/z4599848209389_ade64a691d8b256dc365b3b295c7c755-20230813082611-oqm5b.jpg]
[w.ladicdn.com/s768x1092/5b52e9ea61c3fe3313704bb1/wallpapersdencom_touching-the-moon_1920x1080dhn-20230813070002-rrcve.jpg]
[w.ladicdn.com/s750x750/5b52e9ea61c3fe3313704bb1/img_20230908_204821-20230908135025-kbmml.jpg]
[w.ladicdn.com/s768x1228/5b52e9ea61c3fe3313704bb1/blue-moon-5n9b0a9j6zto72gb-20230813065949-opuuk.jpg]
[w.ladicdn.com/s500x550/5b52e9ea61c3fe3313704bb1/z4599848207721_22f8b41b8c85709b5e77845e9cb53ea7-20230813082611-vlmu6.jpg]
[w.ladicdn.com/s450x450/5b52e9ea61c3fe3313704bb1/z4599848225317_64040cc0b0e1688fcad900ee9eb5374a-20230813082611-ue8hy.jpg]
[w.ladicdn.com/s768x1114/5b52e9ea61c3fe3313704bb1/wallpapersdencom_touching-the-moon_1920x1080svv-20230813065741-6ccu8.jpg]
[www.moon-erc.com/index.html]
[w.ladicdn.com/s750x950/5b52e9ea61c3fe3313704bb1/z4599848209389_ade64a691d8b256dc365b3b295c7c755-20230813082611-oqm5b.jpg]
